2023-09-19 16:14:23,703 [Worker-3: Loading available Gradle versions] INFO  o.e.b.c.i.u.g.PublishedGradleVersions - Gradle version information cache is up-to-date. Trying to read.
2023-09-19 16:16:44,078 [Worker-3: Import Getting Started Content] INFO  o.e.m.c.i.l.LifecycleMappingFactory - Using org.eclipse.m2e.jdt.JarLifecycleMapping lifecycle mapping for MavenProject: com.goSpring:StudentManagementSystem:0.0.1-SNAPSHOT @ C:\Users\Mani bharathi Raja\Desktop\Eclipse\StudentManagementSystem\pom.xml.
2023-09-19 16:16:46,375 [Worker-3: Import Getting Started Content] INFO  o.e.m.c.i.e.AbstractTransferListenerAdapter - Downloading https://repo.maven.apache.org/maven2/org/springframework/boot/spring-boot-devtools/3.1.3/spring-boot-devtools-3.1.3.pom
2023-09-19 16:16:46,425 [Worker-3: Import Getting Started Content] INFO  o.e.m.c.i.e.AbstractTransferListenerAdapter - Downloaded https://repo.maven.apache.org/maven2/org/springframework/boot/spring-boot-devtools/3.1.3/spring-boot-devtools-3.1.3.pom
2023-09-19 16:16:47,018 [Worker-3: Import Getting Started Content] INFO  o.e.m.c.i.e.AbstractTransferListenerAdapter - Downloading https://repo.maven.apache.org/maven2/org/springframework/boot/spring-boot-devtools/3.1.3/spring-boot-devtools-3.1.3.jar
2023-09-19 16:16:47,167 [Worker-3: Import Getting Started Content] INFO  o.e.m.c.i.e.AbstractTransferListenerAdapter - Downloaded https://repo.maven.apache.org/maven2/org/springframework/boot/spring-boot-devtools/3.1.3/spring-boot-devtools-3.1.3.jar
2023-09-19 16:16:50,338 [Worker-3: Import Getting Started Content] INFO  o.e.m.j.i.AbstractJavaProjectConfigurator - Adding source folder /StudentManagementSystem/src/main/java
2023-09-19 16:16:50,340 [Worker-3: Import Getting Started Content] INFO  o.e.m.j.i.AbstractJavaProjectConfigurator - Adding resource folder /StudentManagementSystem/src/main/resources
2023-09-19 16:16:50,378 [Worker-3: Import Getting Started Content] INFO  o.e.m.j.i.AbstractJavaProjectConfigurator - Adding resource folder /StudentManagementSystem/src/main/resources
2023-09-19 16:16:50,393 [Worker-3: Import Getting Started Content] INFO  o.e.m.j.i.AbstractJavaProjectConfigurator - Adding source folder /StudentManagementSystem/src/test/java
2023-09-19 16:16:50,481 [Worker-2: Download sources and javadoc] INFO  o.e.m.c.i.e.AbstractTransferListenerAdapter - Downloading https://repo.maven.apache.org/maven2/org/springframework/boot/spring-boot-devtools/3.1.3/spring-boot-devtools-3.1.3-sources.jar
2023-09-19 16:16:50,577 [Worker-2: Download sources and javadoc] INFO  o.e.m.c.i.e.AbstractTransferListenerAdapter - Downloaded https://repo.maven.apache.org/maven2/org/springframework/boot/spring-boot-devtools/3.1.3/spring-boot-devtools-3.1.3-sources.jar
2023-09-19 16:16:50,586 [Worker-2: Download sources and javadoc] INFO  o.e.m.j.internal.DownloadSourcesJob - Downloaded sources for org.springframework.boot:spring-boot-devtools:3.1.3
2023-09-19 16:16:55,888 [Worker-3: Import Getting Started Content] INFO  o.e.m.c.i.p.ProjectConfigurationManager - Imported and configured 1 project(s) in 18 sec
2023-09-19 16:16:55,915 [Worker-3: Import Getting Started Content] INFO  o.e.m.c.i.p.ProjectConfigurationManager - Update started
2023-09-19 16:16:57,703 [Worker-3: Import Getting Started Content] INFO  o.e.m.c.i.l.LifecycleMappingFactory - Using org.eclipse.m2e.jdt.JarLifecycleMapping lifecycle mapping for MavenProject: com.goSpring:StudentManagementSystem:0.0.1-SNAPSHOT @ C:\Users\Mani bharathi Raja\Desktop\Eclipse\StudentManagementSystem\pom.xml.
2023-09-19 16:17:01,105 [Worker-3: Import Getting Started Content] INFO  o.e.m.j.i.AbstractJavaProjectConfigurator - Adding source folder /StudentManagementSystem/src/main/java
2023-09-19 16:17:01,106 [Worker-3: Import Getting Started Content] INFO  o.e.m.j.i.AbstractJavaProjectConfigurator - Adding resource folder /StudentManagementSystem/src/main/resources
2023-09-19 16:17:01,108 [Worker-3: Import Getting Started Content] INFO  o.e.m.j.i.AbstractJavaProjectConfigurator - Adding resource folder /StudentManagementSystem/src/main/resources
2023-09-19 16:17:01,113 [Worker-3: Import Getting Started Content] INFO  o.e.m.j.i.AbstractJavaProjectConfigurator - Adding source folder /StudentManagementSystem/src/test/java
2023-09-19 16:17:03,593 [Worker-3: Import Getting Started Content] INFO  o.e.m.c.i.p.ProjectConfigurationManager - Update completed for 1 poms: local refresh takes 0.00 sec, refresh facades takes 5.00 sec, update config takes 1.00 sec 
2023-09-19 16:17:05,576 [Worker-3: Updating Maven Project] INFO  o.e.m.c.i.p.ProjectConfigurationManager - Update started
2023-09-19 16:17:06,755 [Worker-3: Updating Maven Project] INFO  o.e.m.c.i.l.LifecycleMappingFactory - Using org.eclipse.m2e.jdt.JarLifecycleMapping lifecycle mapping for MavenProject: com.goSpring:StudentManagementSystem:0.0.1-SNAPSHOT @ C:\Users\Mani bharathi Raja\Desktop\Eclipse\StudentManagementSystem\pom.xml.
2023-09-19 16:17:09,395 [Worker-3: Updating Maven Project] INFO  o.e.m.j.i.AbstractJavaProjectConfigurator - Adding source folder /StudentManagementSystem/src/main/java
2023-09-19 16:17:09,396 [Worker-3: Updating Maven Project] INFO  o.e.m.j.i.AbstractJavaProjectConfigurator - Adding resource folder /StudentManagementSystem/src/main/resources
2023-09-19 16:17:09,398 [Worker-3: Updating Maven Project] INFO  o.e.m.j.i.AbstractJavaProjectConfigurator - Adding resource folder /StudentManagementSystem/src/main/resources
2023-09-19 16:17:09,412 [Worker-3: Updating Maven Project] INFO  o.e.m.j.i.AbstractJavaProjectConfigurator - Adding source folder /StudentManagementSystem/src/test/java
2023-09-19 16:17:11,966 [Worker-3: Updating Maven Project] INFO  o.e.m.c.i.p.ProjectConfigurationManager - Update completed for 1 poms: local refresh takes 0.00 sec, refresh facades takes 3.00 sec, update config takes 2.00 sec 
2023-09-19 16:17:13,797 [Worker-1: Building] INFO  o.a.m.s.f.DefaultMavenResourcesFiltering - Copying 1 resource from src\main\resources to target\classes
2023-09-19 16:17:13,913 [Worker-1: Building] INFO  o.a.m.s.f.DefaultMavenResourcesFiltering - Copying 0 resource from src\main\resources to target\classes
2023-09-19 16:17:13,928 [Worker-1: Building] INFO  o.a.m.s.f.DefaultMavenResourcesFiltering - skip non existing resourceDirectory C:\Users\Mani bharathi Raja\Desktop\Eclipse\StudentManagementSystem\src\test\resources
2023-09-19 16:19:40,334 [Worker-9: Building] INFO  o.a.m.s.f.DefaultMavenResourcesFiltering - Copying 1 resource from src\main\resources to target\classes
2023-09-19 16:19:40,358 [Worker-9: Building] INFO  o.a.m.s.f.DefaultMavenResourcesFiltering - Copying 0 resource from src\main\resources to target\classes
2023-09-19 16:19:40,382 [Worker-9: Building] INFO  o.a.m.s.f.DefaultMavenResourcesFiltering - skip non existing resourceDirectory C:\Users\Mani bharathi Raja\Desktop\Eclipse\StudentManagementSystem\src\test\resources
2023-09-19 16:21:18,090 [Worker-0: Building] INFO  o.a.m.s.f.DefaultMavenResourcesFiltering - Copying 1 resource from src\main\resources to target\classes
2023-09-19 16:21:18,137 [Worker-0: Building] INFO  o.a.m.s.f.DefaultMavenResourcesFiltering - Copying 0 resource from src\main\resources to target\classes
2023-09-19 16:21:18,146 [Worker-0: Building] INFO  o.a.m.s.f.DefaultMavenResourcesFiltering - skip non existing resourceDirectory C:\Users\Mani bharathi Raja\Desktop\Eclipse\StudentManagementSystem\src\test\resources
2023-09-19 16:22:01,324 [Worker-14: Building] INFO  o.a.m.s.f.DefaultMavenResourcesFiltering - Copying 1 resource from src\main\resources to target\classes
2023-09-19 16:22:01,342 [Worker-14: Building] INFO  o.a.m.s.f.DefaultMavenResourcesFiltering - Copying 0 resource from src\main\resources to target\classes
2023-09-19 16:22:01,353 [Worker-14: Building] INFO  o.a.m.s.f.DefaultMavenResourcesFiltering - skip non existing resourceDirectory C:\Users\Mani bharathi Raja\Desktop\Eclipse\StudentManagementSystem\src\test\resources
2023-09-19 16:22:41,194 [Start Help Server] INFO  org.eclipse.jetty.server.Server - jetty-10.0.13; built: 2022-12-07T20:13:20.134Z; git: 1c2636ea05c0ca8de1ffd6ca7f3a98ac084c766d; jvm 17.0.8+9-LTS-211
2023-09-19 16:22:41,272 [Start Help Server] INFO  o.e.j.s.s.DefaultSessionIdManager - Session workerName=node0
2023-09-19 16:22:41,368 [Start Help Server] INFO  o.e.j.server.handler.ContextHandler - Started o.e.j.s.ServletContextHandler@4b5f6618{/help,null,AVAILABLE}
2023-09-19 16:22:41,610 [Start Help Server] INFO  o.e.jetty.server.AbstractConnector - Started ServerConnector@3e6b51b7{HTTP/1.1, (http/1.1)}{127.0.0.1:49501}
2023-09-19 16:22:41,617 [Start Help Server] INFO  org.eclipse.jetty.server.Server - Started Server@329eb087{STARTING}[10.0.13,sto=0] @553579ms
2023-09-19 16:24:50,573 [Worker-0: Building] INFO  o.a.m.s.f.DefaultMavenResourcesFiltering - Copying 1 resource from src\main\resources to target\classes
2023-09-19 16:24:50,634 [Worker-0: Building] INFO  o.a.m.s.f.DefaultMavenResourcesFiltering - Copying 0 resource from src\main\resources to target\classes
2023-09-19 16:24:50,700 [Worker-0: Building] INFO  o.a.m.s.f.DefaultMavenResourcesFiltering - skip non existing resourceDirectory C:\Users\Mani bharathi Raja\Desktop\Eclipse\StudentManagementSystem\src\test\resources
2023-09-19 16:36:17,161 [Worker-16: Building] INFO  o.a.m.s.f.DefaultMavenResourcesFiltering - Copying 1 resource from src\main\resources to target\classes
2023-09-19 16:36:17,186 [Worker-16: Building] INFO  o.a.m.s.f.DefaultMavenResourcesFiltering - Copying 0 resource from src\main\resources to target\classes
2023-09-19 16:36:17,200 [Worker-16: Building] INFO  o.a.m.s.f.DefaultMavenResourcesFiltering - skip non existing resourceDirectory C:\Users\Mani bharathi Raja\Desktop\Eclipse\StudentManagementSystem\src\test\resources
2023-09-19 16:36:56,520 [Worker-17: Building] INFO  o.a.m.s.f.DefaultMavenResourcesFiltering - Copying 1 resource from src\main\resources to target\classes
2023-09-19 16:36:56,639 [Worker-17: Building] INFO  o.a.m.s.f.DefaultMavenResourcesFiltering - Copying 0 resource from src\main\resources to target\classes
2023-09-19 16:36:56,649 [Worker-17: Building] INFO  o.a.m.s.f.DefaultMavenResourcesFiltering - skip non existing resourceDirectory C:\Users\Mani bharathi Raja\Desktop\Eclipse\StudentManagementSystem\src\test\resources
2023-09-19 16:37:20,224 [Worker-17: Building] INFO  o.a.m.s.f.DefaultMavenResourcesFiltering - Copying 1 resource from src\main\resources to target\classes
2023-09-19 16:37:20,243 [Worker-17: Building] INFO  o.a.m.s.f.DefaultMavenResourcesFiltering - Copying 0 resource from src\main\resources to target\classes
2023-09-19 16:37:20,253 [Worker-17: Building] INFO  o.a.m.s.f.DefaultMavenResourcesFiltering - skip non existing resourceDirectory C:\Users\Mani bharathi Raja\Desktop\Eclipse\StudentManagementSystem\src\test\resources
2023-09-19 16:37:24,220 [Worker-16: Building] INFO  o.a.m.s.f.DefaultMavenResourcesFiltering - Copying 1 resource from src\main\resources to target\classes
2023-09-19 16:37:24,244 [Worker-16: Building] INFO  o.a.m.s.f.DefaultMavenResourcesFiltering - Copying 0 resource from src\main\resources to target\classes
2023-09-19 16:37:24,339 [Worker-16: Building] INFO  o.a.m.s.f.DefaultMavenResourcesFiltering - skip non existing resourceDirectory C:\Users\Mani bharathi Raja\Desktop\Eclipse\StudentManagementSystem\src\test\resources
2023-09-19 16:37:34,383 [Worker-14: Building] INFO  o.a.m.s.f.DefaultMavenResourcesFiltering - Copying 1 resource from src\main\resources to target\classes
2023-09-19 16:37:34,405 [Worker-14: Building] INFO  o.a.m.s.f.DefaultMavenResourcesFiltering - Copying 0 resource from src\main\resources to target\classes
2023-09-19 16:37:34,416 [Worker-14: Building] INFO  o.a.m.s.f.DefaultMavenResourcesFiltering - skip non existing resourceDirectory C:\Users\Mani bharathi Raja\Desktop\Eclipse\StudentManagementSystem\src\test\resources
2023-09-19 16:38:12,325 [Worker-18: Building] INFO  o.a.m.s.f.DefaultMavenResourcesFiltering - Copying 1 resource from src\main\resources to target\classes
2023-09-19 16:38:12,346 [Worker-18: Building] INFO  o.a.m.s.f.DefaultMavenResourcesFiltering - Copying 0 resource from src\main\resources to target\classes
2023-09-19 16:38:12,422 [Worker-18: Building] INFO  o.a.m.s.f.DefaultMavenResourcesFiltering - skip non existing resourceDirectory C:\Users\Mani bharathi Raja\Desktop\Eclipse\StudentManagementSystem\src\test\resources
2023-09-19 16:41:10,125 [Worker-17: Building] INFO  o.a.m.s.f.DefaultMavenResourcesFiltering - Copying 1 resource from src\main\resources to target\classes
2023-09-19 16:41:10,390 [Worker-17: Building] INFO  o.a.m.s.f.DefaultMavenResourcesFiltering - Copying 0 resource from src\main\resources to target\classes
2023-09-19 16:41:10,458 [Worker-17: Building] INFO  o.a.m.s.f.DefaultMavenResourcesFiltering - skip non existing resourceDirectory C:\Users\Mani bharathi Raja\Desktop\Eclipse\StudentManagementSystem\src\test\resources
2023-09-19 16:41:23,365 [Worker-17: Building] INFO  o.a.m.s.f.DefaultMavenResourcesFiltering - Copying 1 resource from src\main\resources to target\classes
2023-09-19 16:41:23,383 [Worker-17: Building] INFO  o.a.m.s.f.DefaultMavenResourcesFiltering - Copying 0 resource from src\main\resources to target\classes
2023-09-19 16:41:23,389 [Worker-17: Building] INFO  o.a.m.s.f.DefaultMavenResourcesFiltering - skip non existing resourceDirectory C:\Users\Mani bharathi Raja\Desktop\Eclipse\StudentManagementSystem\src\test\resources
2023-09-19 16:42:36,740 [Worker-18: Building] INFO  o.a.m.s.f.DefaultMavenResourcesFiltering - Copying 1 resource from src\main\resources to target\classes
2023-09-19 16:42:36,760 [Worker-18: Building] INFO  o.a.m.s.f.DefaultMavenResourcesFiltering - Copying 0 resource from src\main\resources to target\classes
2023-09-19 16:42:36,768 [Worker-18: Building] INFO  o.a.m.s.f.DefaultMavenResourcesFiltering - skip non existing resourceDirectory C:\Users\Mani bharathi Raja\Desktop\Eclipse\StudentManagementSystem\src\test\resources
2023-09-19 16:53:06,722 [Worker-20: Building] INFO  o.a.m.s.f.DefaultMavenResourcesFiltering - Copying 1 resource from src\main\resources to target\classes
2023-09-19 16:53:06,794 [Worker-20: Building] INFO  o.a.m.s.f.DefaultMavenResourcesFiltering - Copying 0 resource from src\main\resources to target\classes
2023-09-19 16:53:06,801 [Worker-20: Building] INFO  o.a.m.s.f.DefaultMavenResourcesFiltering - skip non existing resourceDirectory C:\Users\Mani bharathi Raja\Desktop\Eclipse\StudentManagementSystem\src\test\resources
2023-09-19 16:59:19,975 [Worker-25: Building] INFO  o.a.m.s.f.DefaultMavenResourcesFiltering - Copying 1 resource from src\main\resources to target\classes
2023-09-19 16:59:20,134 [Worker-25: Building] INFO  o.a.m.s.f.DefaultMavenResourcesFiltering - Copying 0 resource from src\main\resources to target\classes
2023-09-19 16:59:20,976 [Worker-25: Building] INFO  o.a.m.s.f.DefaultMavenResourcesFiltering - skip non existing resourceDirectory C:\Users\Mani bharathi Raja\Desktop\Eclipse\StudentManagementSystem\src\test\resources
2023-09-19 17:00:13,598 [Worker-27: Building] INFO  o.a.m.s.f.DefaultMavenResourcesFiltering - Copying 1 resource from src\main\resources to target\classes
2023-09-19 17:00:13,621 [Worker-27: Building] INFO  o.a.m.s.f.DefaultMavenResourcesFiltering - Copying 0 resource from src\main\resources to target\classes
2023-09-19 17:00:13,636 [Worker-27: Building] INFO  o.a.m.s.f.DefaultMavenResourcesFiltering - skip non existing resourceDirectory C:\Users\Mani bharathi Raja\Desktop\Eclipse\StudentManagementSystem\src\test\resources
2023-09-19 17:02:30,337 [Worker-30: Building] INFO  o.a.m.s.f.DefaultMavenResourcesFiltering - Copying 1 resource from src\main\resources to target\classes
2023-09-19 17:02:30,460 [Worker-30: Building] INFO  o.a.m.s.f.DefaultMavenResourcesFiltering - Copying 0 resource from src\main\resources to target\classes
2023-09-19 17:02:30,569 [Worker-30: Building] INFO  o.a.m.s.f.DefaultMavenResourcesFiltering - skip non existing resourceDirectory C:\Users\Mani bharathi Raja\Desktop\Eclipse\StudentManagementSystem\src\test\resources
2023-09-19 17:03:16,293 [Worker-26: Building] INFO  o.a.m.s.f.DefaultMavenResourcesFiltering - Copying 1 resource from src\main\resources to target\classes
2023-09-19 17:03:16,438 [Worker-26: Building] INFO  o.a.m.s.f.DefaultMavenResourcesFiltering - Copying 0 resource from src\main\resources to target\classes
2023-09-19 17:03:16,454 [Worker-26: Building] INFO  o.a.m.s.f.DefaultMavenResourcesFiltering - skip non existing resourceDirectory C:\Users\Mani bharathi Raja\Desktop\Eclipse\StudentManagementSystem\src\test\resources
2023-09-19 17:07:48,945 [Worker-29: Building] INFO  o.a.m.s.f.DefaultMavenResourcesFiltering - Copying 1 resource from src\main\resources to target\classes
2023-09-19 17:07:48,968 [Worker-29: Building] INFO  o.a.m.s.f.DefaultMavenResourcesFiltering - Copying 0 resource from src\main\resources to target\classes
2023-09-19 17:07:48,989 [Worker-29: Building] INFO  o.a.m.s.f.DefaultMavenResourcesFiltering - skip non existing resourceDirectory C:\Users\Mani bharathi Raja\Desktop\Eclipse\StudentManagementSystem\src\test\resources
2023-09-19 17:10:03,717 [Stop Help Server] INFO  org.eclipse.jetty.server.Server - Stopped Server@329eb087{STOPPING}[10.0.13,sto=0]
2023-09-19 17:10:03,751 [Stop Help Server] INFO  o.e.jetty.server.AbstractConnector - Stopped ServerConnector@3e6b51b7{HTTP/1.1, (http/1.1)}{127.0.0.1:0}
2023-09-19 17:10:03,818 [Stop Help Server] INFO  o.e.j.server.handler.ContextHandler - Stopped o.e.j.s.ServletContextHandler@4b5f6618{/help,null,STOPPED}
